<?xml version="1.0" encoding="UTF-8"?>
<!-- Generated by org.testng.reporters.JUnitReportReporter -->
<testsuite hostname="DESKTOP-MT4B5IO" failures="0" tests="1" name="seleniumresttests.SubmitOrderTest" time="13.685" errors="0" timestamp="2023-09-14T14:45:07 CEST" skipped="0">
  <testcase classname="seleniumresttests.SubmitOrderTest" name="SubmitOrder" time="13.685"/>
</testsuite> <!-- seleniumresttests.SubmitOrderTest -->
