<?xml version="1.0" encoding="UTF-8"?>
<!-- Generated by org.testng.reporters.JUnitReportReporter -->
<testsuite hostname="DESKTOP-MT4B5IO" failures="0" tests="10" name="seleniumresttests.SubmitOrderThreadsTest" time="162.505" errors="0" timestamp="2023-09-14T14:45:07 CEST" skipped="0">
  <testcase classname="seleniumresttests.SubmitOrderThreadsTest" name="SubmitOrder" time="15.849"/>
  <testcase classname="seleniumresttests.SubmitOrderThreadsTest" name="SubmitOrder" time="16.065"/>
  <testcase classname="seleniumresttests.SubmitOrderThreadsTest" name="SubmitOrder" time="15.040"/>
  <testcase classname="seleniumresttests.SubmitOrderThreadsTest" name="SubmitOrder" time="16.053"/>
  <testcase classname="seleniumresttests.SubmitOrderThreadsTest" name="SubmitOrder" time="17.990"/>
  <testcase classname="seleniumresttests.SubmitOrderThreadsTest" name="SubmitOrder" time="16.049"/>
  <testcase classname="seleniumresttests.SubmitOrderThreadsTest" name="SubmitOrder" time="15.712"/>
  <testcase classname="seleniumresttests.SubmitOrderThreadsTest" name="SubmitOrder" time="16.542"/>
  <testcase classname="seleniumresttests.SubmitOrderThreadsTest" name="SubmitOrder" time="16.947"/>
  <testcase classname="seleniumresttests.SubmitOrderThreadsTest" name="SubmitOrder" time="16.258"/>
</testsuite> <!-- seleniumresttests.SubmitOrderThreadsTest -->
