<?xml version="1.0" encoding="UTF-8"?>
<!-- Generated by org.testng.reporters.JUnitReportReporter -->
<testsuite hostname="DESKTOP-MT4B5IO" failures="0" tests="1" name="seleniumresttests.GetGTest" time="1.290" errors="0" timestamp="2023-09-14T14:45:07 CEST" skipped="0">
  <testcase classname="seleniumresttests.GetGTest" name="GetProduct" time="1.290"/>
</testsuite> <!-- seleniumresttests.GetGTest -->
