<?xml version="1.0" encoding="UTF-8"?>
<!-- Generated by org.testng.reporters.JUnitReportReporter -->
<testsuite hostname="DESKTOP-MT4B5IO" failures="0" tests="1" name="seleniumresttests.SubmitOrderThreadsTest" time="14.020" errors="0" timestamp="2023-09-14T12:47:50 CEST" skipped="0">
  <testcase classname="seleniumresttests.SubmitOrderThreadsTest" name="SubmitOrder" time="14.020"/>
</testsuite> <!-- seleniumresttests.SubmitOrderThreadsTest -->
